Temp/gradleOut/build/outputs/logs/manifest-merger-release-report.txt
-- Merging decision tree log ---
manifest
ADDED from src\main\AndroidManifest.xml:2:1-28:12
INJECTED from src\main\AndroidManifest.xml:2:1-28:12
INJECTED from src\main\AndroidManifest.xml:2:1-28:12
INJECTED from src\main\AndroidManifest.xml:2:1-28:12
INJECTED from src\main\AndroidManifest.xml:2:1-28:12
INJECTED from src\main\AndroidManifest.xml:2:1-28:12
INJECTED from src\main\AndroidManifest.xml:2:1-28:12
	package
		ADDED from src\main\AndroidManifest.xml:2:11-38
		INJECTED from src\main\AndroidManifest.xml
		INJECTED from src\main\AndroidManifest.xml
	android:versionName
		INJECTED from src\main\AndroidManifest.xml
		ADDED from src\main\AndroidManifest.xml:2:1-28:12
		INJECTED from src\main\AndroidManifest.xml
	android:versionCode
		INJECTED from src\main\AndroidManifest.xml
		ADDED from src\main\AndroidManifest.xml:2:1-28:12
		INJECTED from src\main\AndroidManifest.xml
	xmlns:android
		ADDED from src\main\AndroidManifest.xml:2:39-97
	android:installLocation
		ADDED from src\main\AndroidManifest.xml:2:98-138
uses-permission#android.permission.INTERNET
ADDED from src\main\AndroidManifest.xml:3:3-65
	android:name
		ADDED from src\main\AndroidManifest.xml:3:20-62
uses-permission#android.permission.ACCESS_NETWORK_STATE
ADDED from src\main\AndroidManifest.xml:4:3-77
	android:name
		ADDED from src\main\AndroidManifest.xml:4:20-74
uses-permission#android.permission.ACCESS_WIFI_STATE
ADDED from src\main\AndroidManifest.xml:5:3-74
	android:name
		ADDED from src\main\AndroidManifest.xml:5:20-71
uses-permission#android.permission.WAKE_LOCK
ADDED from src\main\AndroidManifest.xml:6:3-66
	android:name
		ADDED from src\main\AndroidManifest.xml:6:20-63
uses-permission#android.permission.BLUETOOTH
ADDED from src\main\AndroidManifest.xml:7:3-66
	android:name
		ADDED from src\main\AndroidManifest.xml:7:20-63
uses-permission#android.permission.BLUETOOTH_ADMIN
ADDED from src\main\AndroidManifest.xml:8:3-72
	android:name
		ADDED from src\main\AndroidManifest.xml:8:20-69
uses-permission#android.permission.ACCESS_COARSE_LOCATION
ADDED from src\main\AndroidManifest.xml:9:3-79
	android:name
		ADDED from src\main\AndroidManifest.xml:9:20-76
uses-permission#android.permission.ACCESS_FINE_LOCATION
ADDED from src\main\AndroidManifest.xml:10:3-77
	android:name
		ADDED from src\main\AndroidManifest.xml:10:20-74
application
ADDED from src\main\AndroidManifest.xml:11:3-23:17
	android:label
		ADDED from src\main\AndroidManifest.xml:11:50-82
	android:icon
		ADDED from src\main\AndroidManifest.xml:11:16-49
	android:banner
		ADDED from src\main\AndroidManifest.xml:11:106-143
	android:isGame
		ADDED from src\main\AndroidManifest.xml:11:83-105
activity#com.hyeon.bluetoothPlugin.BluetoothPlugin
ADDED from src\main\AndroidManifest.xml:12:5-18:16
	android:screenOrientation
		ADDED from src\main\AndroidManifest.xml:12:105-143
	android:label
		ADDED from src\main\AndroidManifest.xml:12:72-104
	android:launchMode
		ADDED from src\main\AndroidManifest.xml:12:144-175
	android:hardwareAccelerated
		ADDED from src\main\AndroidManifest.xml:12:350-385
	android:configChanges
		ADDED from src\main\AndroidManifest.xml:12:176-349
	android:name
		ADDED from src\main\AndroidManifest.xml:12:15-71
intent-filter#action:name:android.intent.action.MAIN+category:name:android.intent.category.LAUNCHER
ADDED from src\main\AndroidManifest.xml:13:7-16:23
action#android.intent.action.MAIN
ADDED from src\main\AndroidManifest.xml:14:9-61
	android:name
		ADDED from src\main\AndroidManifest.xml:14:17-58
category#android.intent.category.LAUNCHER
ADDED from src\main\AndroidManifest.xml:15:9-69
	android:name
		ADDED from src\main\AndroidManifest.xml:15:19-66
meta-data#unityplayer.UnityActivity
ADDED from src\main\AndroidManifest.xml:17:7-82
	android:value
		ADDED from src\main\AndroidManifest.xml:17:59-79
	android:name
		ADDED from src\main\AndroidManifest.xml:17:18-58
meta-data#unity.build-id
ADDED from src\main\AndroidManifest.xml:19:5-101
	android:value
		ADDED from src\main\AndroidManifest.xml:19:46-98
	android:name
		ADDED from src\main\AndroidManifest.xml:19:16-45
meta-data#unity.splash-mode
ADDED from src\main\AndroidManifest.xml:20:5-69
	android:value
		ADDED from src\main\AndroidManifest.xml:20:49-66
	android:name
		ADDED from src\main\AndroidManifest.xml:20:16-48
meta-data#unity.splash-enable
ADDED from src\main\AndroidManifest.xml:21:5-74
	android:value
		ADDED from src\main\AndroidManifest.xml:21:51-71
	android:name
		ADDED from src\main\AndroidManifest.xml:21:16-50
meta-data#android.max_aspect
ADDED from src\main\AndroidManifest.xml:22:5-72
	android:value
		ADDED from src\main\AndroidManifest.xml:22:50-69
	android:name
		ADDED from src\main\AndroidManifest.xml:22:16-49
uses-feature#0x00020000
ADDED from src\main\AndroidManifest.xml:24:3-52
	android:glEsVersion
		ADDED from src\main\AndroidManifest.xml:24:17-49
uses-feature#android.hardware.touchscreen
ADDED from src\main\AndroidManifest.xml:25:3-88
	android:required
		ADDED from src\main\AndroidManifest.xml:25:61-85
	android:name
		ADDED from src\main\AndroidManifest.xml:25:17-60
uses-feature#android.hardware.touchscreen.multitouch
ADDED from src\main\AndroidManifest.xml:26:3-99
	android:required
		ADDED from src\main\AndroidManifest.xml:26:72-96
	android:name
		ADDED from src\main\AndroidManifest.xml:26:17-71
uses-feature#android.hardware.touchscreen.multitouch.distinct
ADDED from src\main\AndroidManifest.xml:27:3-108
	android:required
		ADDED from src\main\AndroidManifest.xml:27:81-105
	android:name
		ADDED from src\main\AndroidManifest.xml:27:17-80
uses-sdk
INJECTED from src\main\AndroidManifest.xml reason: use-sdk injection requested
INJECTED from src\main\AndroidManifest.xml
INJECTED from src\main\AndroidManifest.xml
INJECTED from src\main\AndroidManifest.xml
INJECTED from src\main\AndroidManifest.xml
	android:targetSdkVersion
		INJECTED from src\main\AndroidManifest.xml
		ADDED from src\main\AndroidManifest.xml
		INJECTED from src\main\AndroidManifest.xml
	android:minSdkVersion
		INJECTED from src\main\AndroidManifest.xml
		ADDED from src\main\AndroidManifest.xml
		INJECTED from src\main\AndroidManifest.xml